<?xml version="1.0" encoding="UTF-8"?>
<testsuite xmlns:xsi="http://www.w3.org/2001/XMLSchema-instance" xsi:noNamespaceSchemaLocation="https://maven.apache.org/surefire/maven-surefire-plugin/xsd/surefire-test-report.xsd" version="3.0.2" name="com.example.clouduni.LecturerIntegrationTest" time="4.101" tests="7" errors="0" skipped="0" failures="0" flakes="0">
  <properties>
[...]
</properties>
  <testcase name="shouldFailWhenSurnameIsEmpty" classname="com.example.clouduni.LecturerIntegrationTest" time="0.433">
    <system-out><![CDATA[11:16:58.335 [main] INFO org.springframework.test.context.support.AnnotationConfigContextLoaderUtils -- Could not detect default configuration classes for test class [com.example.clouduni.LecturerIntegrationTest]: LecturerIntegrationTest does not declare any static, non-private, non-final, nested classes annotated with @Configuration.
11:16:58.424 [main] INFO org.springframework.boot.test.context.SpringBootTestContextBootstrapper -- Found @SpringBootConfiguration com.example.clouduni.ClouduniApplication for test class com.example.clouduni.LecturerIntegrationTest
11:16:58.475 [main] INFO org.springframework.test.context.support.AnnotationConfigContextLoaderUtils -- Could not detect default configuration classes for test class [com.example.clouduni.LecturerIntegrationTest]: LecturerIntegrationTest does not declare any static, non-private, non-final, nested classes annotated with @Configuration.
11:16:58.479 [main] INFO org.springframework.boot.test.context.SpringBootTestContextBootstrapper -- Found @SpringBootConfiguration com.example.clouduni.ClouduniApplication for test class com.example.clouduni.LecturerIntegrationTest

  .   ____          _            __ _ _
 /\\ / ___'_ __ _ _(_)_ __  __ _ \ \ \ \
( ( )\___ | '_ | '_| | '_ \/ _` | \ \ \ \
 \\/  ___)| |_)| | | | | || (_| |  ) ) ) )
  '  |____| .__|_| |_|_| |_\__, | / / / /
 =========|_|==============|___/=/_/_/_/

 :: Spring Boot ::                (v4.0.5)

2026-04-05T11:16:58.705+02:00  INFO 348121 --- [clouduni] [           main] c.e.clouduni.LecturerIntegrationTest     : Starting LecturerIntegrationTest using Java 25.0.2 with PID 348121 (started by patrick in /home/patrick/jobs/adobe/coding_asignment/clouduni)
2026-04-05T11:16:58.706+02:00  INFO 348121 --- [clouduni] [           main] c.e.clouduni.LecturerIntegrationTest     : The following 1 profile is active: "test"
2026-04-05T11:16:59.184+02:00  INFO 348121 --- [clouduni] [           main] .s.d.r.c.RepositoryConfigurationDelegate : Bootstrapping Spring Data JPA repositories in DEFAULT mode.
2026-04-05T11:16:59.213+02:00  INFO 348121 --- [clouduni] [           main] .s.d.r.c.RepositoryConfigurationDelegate : Finished Spring Data repository scanning in 23 ms. Found 2 JPA repository interfaces.
2026-04-05T11:16:59.719+02:00  INFO 348121 --- [clouduni] [           main] org.hibernate.orm.jpa                    : HHH008540: Processing PersistenceUnitInfo [name: default]
2026-04-05T11:16:59.749+02:00  INFO 348121 --- [clouduni] [           main] org.hibernate.orm.core                   : HHH000001: Hibernate ORM core version 7.2.7.Final
2026-04-05T11:16:59.971+02:00  INFO 348121 --- [clouduni] [           main] o.s.o.j.p.SpringPersistenceUnitInfo      : No LoadTimeWeaver setup: ignoring JPA class transformer
2026-04-05T11:16:59.986+02:00  INFO 348121 --- [clouduni] [           main] com.zaxxer.hikari.HikariDataSource       : HikariPool-1 - Starting...
2026-04-05T11:17:00.073+02:00  INFO 348121 --- [clouduni] [           main] com.zaxxer.hikari.pool.HikariPool        : HikariPool-1 - Added connection conn0: url=jdbc:h2:mem:testdb user=SA
2026-04-05T11:17:00.074+02:00  INFO 348121 --- [clouduni] [           main] com.zaxxer.hikari.HikariDataSource       : HikariPool-1 - Start completed.
2026-04-05T11:17:00.086+02:00  WARN 348121 --- [clouduni] [           main] org.hibernate.orm.deprecation            : HHH90000025: H2Dialect does not need to be specified explicitly using 'hibernate.dialect' (remove the property setting and it will be selected by default)
2026-04-05T11:17:00.100+02:00  INFO 348121 --- [clouduni] [           main] org.hibernate.orm.connections.pooling    : HHH10001005: Database info:
	Database JDBC URL [jdbc:h2:mem:testdb]
	Database driver: H2 JDBC Driver
	Database dialect: H2Dialect
	Database version: 2.4.240
	Default catalog/schema: TESTDB/PUBLIC
	Autocommit mode: undefined/unknown
	Isolation level: READ_COMMITTED [default READ_COMMITTED]
	JDBC fetch size: 100
	Pool: DataSourceConnectionProvider
	Minimum pool size: undefined/unknown
	Maximum pool size: undefined/unknown
Hibernate: create global temporary table HTE_students(rn_ integer not null, id bigint, name varchar(255), surname varchar(255), primary key (rn_)) transactional
Hibernate: create global temporary table HTE_lecturers(rn_ integer not null, id bigint, name varchar(255), surname varchar(255), primary key (rn_)) transactional
2026-04-05T11:17:00.669+02:00  INFO 348121 --- [clouduni] [           main] org.hibernate.orm.core                   : HHH000489: No JTA platform available (set 'hibernate.transaction.jta.platform' to enable JTA platform integration)
Hibernate: drop table if exists lecturer_student cascade 
Hibernate: drop table if exists lecturers cascade 
Hibernate: drop table if exists students cascade 
Hibernate: drop sequence if exists lecturers_seq
Hibernate: drop sequence if exists students_seq
Hibernate: create sequence lecturers_seq start with 1 increment by 50
Hibernate: create sequence students_seq start with 1 increment by 50
Hibernate: create table lecturer_student (lecturer_id bigint not null, student_id bigint not null, primary key (lecturer_id, student_id))
Hibernate: create table lecturers (id bigint not null, name varchar(255), surname varchar(255), primary key (id))
Hibernate: create table students (id bigint not null, name varchar(255), surname varchar(255), primary key (id))
Hibernate: alter table if exists lecturer_student add constraint FKplmmc4s2ieetklpc4fkdd810k foreign key (student_id) references students
Hibernate: alter table if exists lecturer_student add constraint FK1cb4bfe4lsb95hliyjyqbi7a4 foreign key (lecturer_id) references lecturers
2026-04-05T11:17:00.696+02:00  INFO 348121 --- [clouduni] [           main] j.LocalContainerEntityManagerFactoryBean : Initialized JPA EntityManagerFactory for persistence unit 'default'
2026-04-05T11:17:00.823+02:00  INFO 348121 --- [clouduni] [           main] o.s.d.j.r.query.QueryEnhancerFactories   : Hibernate is in classpath; If applicable, HQL parser will be used.
2026-04-05T11:17:01.041+02:00  WARN 348121 --- [clouduni] [           main] JpaBaseConfiguration$JpaWebConfiguration : spring.jpa.open-in-view is enabled by default. Therefore, database queries may be performed during view rendering. Explicitly configure spring.jpa.open-in-view to disable this warning
2026-04-05T11:17:01.711+02:00  INFO 348121 --- [clouduni] [           main] o.s.b.t.m.w.SpringBootMockServletContext : Initializing Spring TestDispatcherServlet ''
2026-04-05T11:17:01.711+02:00  INFO 348121 --- [clouduni] [           main] o.s.t.web.servlet.TestDispatcherServlet  : Initializing Servlet ''
2026-04-05T11:17:01.713+02:00  INFO 348121 --- [clouduni] [           main] o.s.t.web.servlet.TestDispatcherServlet  : Completed initialization in 2 ms
2026-04-05T11:17:01.738+02:00  INFO 348121 --- [clouduni] [           main] c.e.clouduni.LecturerIntegrationTest     : Started LecturerIntegrationTest in 3.224 seconds (process running for 3.954)
]]></system-out>
    <system-err><![CDATA[Mockito is currently self-attaching to enable the inline-mock-maker. This will no longer work in future releases of the JDK. Please add Mockito as an agent to your build as described in Mockito's documentation: https://javadoc.io/doc/org.mockito/mockito-core/latest/org.mockito/org/mockito/Mockito.html#0.3
WARNING: A Java agent has been loaded dynamically (/home/patrick/.m2/repository/net/bytebuddy/byte-buddy-agent/1.17.8/byte-buddy-agent-1.17.8.jar)
WARNING: If a serviceability tool is in use, please run with -XX:+EnableDynamicAgentLoading to hide this warning
WARNING: If a serviceability tool is not in use, please run with -Djdk.instrument.traceUsage for more information
WARNING: Dynamic loading of agents will be disallowed by default in a future release
]]></system-err>
  </testcase>
  <testcase name="shouldReturnErrorWhenLecturerNotFound" classname="com.example.clouduni.LecturerIntegrationTest" time="0.038">
    <system-out><![CDATA[Hibernate: select l1_0.id,l1_0.name,l1_0.surname from lecturers l1_0 where l1_0.id=?
]]></system-out>
  </testcase>
  <testcase name="shouldFailWhenNameHasInvalidCharacters" classname="com.example.clouduni.LecturerIntegrationTest" time="0.007"/>
  <testcase name="shouldFailWhenNameIsEmpty" classname="com.example.clouduni.LecturerIntegrationTest" time="0.004"/>
  <testcase name="shouldCreateAndFetchLecturer" classname="com.example.clouduni.LecturerIntegrationTest" time="0.046">
    <system-out><![CDATA[Hibernate: select next value for lecturers_seq
Hibernate: insert into lecturers (name,surname,id) values (?,?,?)
Hibernate: select l1_0.id,l1_0.name,l1_0.surname from lecturers l1_0 where l1_0.id=?
Hibernate: select s1_0.lecturer_id,s1_1.id,s1_1.name,s1_1.surname from lecturer_student s1_0 join students s1_1 on s1_1.id=s1_0.student_id where s1_0.lecturer_id=?
]]></system-out>
  </testcase>
  <testcase name="shouldReturnLecturerWithStudents" classname="com.example.clouduni.LecturerIntegrationTest" time="0.03">
    <system-out><![CDATA[Hibernate: select next value for lecturers_seq
Hibernate: insert into lecturers (name,surname,id) values (?,?,?)
Hibernate: select l1_0.id,l1_0.name,l1_0.surname from lecturers l1_0 where l1_0.id=?
Hibernate: select next value for students_seq
Hibernate: insert into students (name,surname,id) values (?,?,?)
Hibernate: select s1_0.lecturer_id,s1_1.id,s1_1.name,s1_1.surname from lecturer_student s1_0 join students s1_1 on s1_1.id=s1_0.student_id where s1_0.lecturer_id=?
Hibernate: insert into lecturer_student (lecturer_id,student_id) values (?,?)
Hibernate: select l1_0.id,l1_0.name,l1_0.surname from lecturers l1_0 where l1_0.id=?
Hibernate: select s1_0.lecturer_id,s1_1.id,s1_1.name,s1_1.surname from lecturer_student s1_0 join students s1_1 on s1_1.id=s1_0.student_id where s1_0.lecturer_id=?
]]></system-out>
  </testcase>
  <testcase name="shouldFailWhenSurnameHasInvalidCharacters" classname="com.example.clouduni.LecturerIntegrationTest" time="0.004"/>
</testsuite>